2026-04-12 23:38:30,Security,5379,8,Lenovoideapad,"Credential Manager credentials were read.

Subject:
	Security ID:		S-1-5-21-642930454-2324434414-1954724589-1002
	Account Name:		zxcvm
	Account Domain:		LENOVOIDEAPAD
	Logon ID:		0x110a1374
	Read Operation:		%%8100

This event occurs when a user performs a read operation on stored credentials in Credential Manager."
2026-04-12 23:38:30,Security,5379,8,Lenovoideapad,"Credential Manager credentials were read.

Subject:
	Security ID:		S-1-5-21-642930454-2324434414-1954724589-1002
	Account Name:		zxcvm
	Account Domain:		LENOVOIDEAPAD
	Logon ID:		0x110a1374
	Read Operation:		%%8100

This event occurs when a user performs a read operation on stored credentials in Credential Manager."
2026-04-12 23:38:30,Security,5379,8,Lenovoideapad,"Credential Manager credentials were read.

Subject:
	Security ID:		S-1-5-21-642930454-2324434414-1954724589-1002
	Account Name:		zxcvm
	Account Domain:		LENOVOIDEAPAD
	Logon ID:		0x110a1374
	Read Operation:		%%8100

This event occurs when a user performs a read operation on stored credentials in Credential Manager."
2026-04-12 23:38:30,Security,5379,8,Lenovoideapad,"Credential Manager credentials were read.

Subject:
	Security ID:		S-1-5-21-642930454-2324434414-1954724589-1002
	Account Name:		zxcvm
	Account Domain:		LENOVOIDEAPAD
	Logon ID:		0x110a1374
	Read Operation:		%%8100

This event occurs when a user performs a read operation on stored credentials in Credential Manager."
2026-04-12 23:38:30,Security,5379,8,Lenovoideapad,"Credential Manager credentials were read.

Subject:
	Security ID:		S-1-5-21-642930454-2324434414-1954724589-1002
	Account Name:		zxcvm
	Account Domain:		LENOVOIDEAPAD
	Logon ID:		0x110a1374
	Read Operation:		%%8100

This event occurs when a user performs a read operation on stored credentials in Credential Manager."
2026-04-12 23:38:30,Security,5379,8,Lenovoideapad,"Credential Manager credentials were read.

Subject:
	Security ID:		S-1-5-21-642930454-2324434414-1954724589-1002
	Account Name:		zxcvm
	Account Domain:		LENOVOIDEAPAD
	Logon ID:		0x110a1374
	Read Operation:		%%8100

This event occurs when a user performs a read operation on stored credentials in Credential Manager."
2026-04-12 23:38:30,Security,5379,8,Lenovoideapad,"Credential Manager credentials were read.

Subject:
	Security ID:		S-1-5-21-642930454-2324434414-1954724589-1002
	Account Name:		zxcvm
	Account Domain:		LENOVOIDEAPAD
	Logon ID:		0x110a1374
	Read Operation:		%%8100

This event occurs when a user performs a read operation on stored credentials in Credential Manager."
2026-04-12 23:38:30,Security,5379,8,Lenovoideapad,"Credential Manager credentials were read.

Subject:
	Security ID:		S-1-5-21-642930454-2324434414-1954724589-1002
	Account Name:		zxcvm
	Account Domain:		LENOVOIDEAPAD
	Logon ID:		0x110a1374
	Read Operation:		%%8100

This event occurs when a user performs a read operation on stored credentials in Credential Manager."
2026-04-12 23:38:30,Security,5379,8,Lenovoideapad,"Credential Manager credentials were read.

Subject:
	Security ID:		S-1-5-21-642930454-2324434414-1954724589-1002
	Account Name:		zxcvm
	Account Domain:		LENOVOIDEAPAD
	Logon ID:		0x110a1374
	Read Operation:		%%8100

This event occurs when a user performs a read operation on stored credentials in Credential Manager."
2026-04-12 23:38:30,Security,5379,8,Lenovoideapad,"Credential Manager credentials were read.

Subject:
	Security ID:		S-1-5-21-642930454-2324434414-1954724589-1002
	Account Name:		zxcvm
	Account Domain:		LENOVOIDEAPAD
	Logon ID:		0x110a1374
	Read Operation:		%%8100

This event occurs when a user performs a read operation on stored credentials in Credential Manager."
2026-04-12 23:38:30,Security,5379,8,Lenovoideapad,"Credential Manager credentials were read.

Subject:
	Security ID:		S-1-5-21-642930454-2324434414-1954724589-1002
	Account Name:		zxcvm
	Account Domain:		LENOVOIDEAPAD
	Logon ID:		0x110a1374
	Read Operation:		%%8100

This event occurs when a user performs a read operation on stored credentials in Credential Manager."
2026-04-12 23:38:30,Security,5379,8,Lenovoideapad,"Credential Manager credentials were read.

Subject:
	Security ID:		S-1-5-21-642930454-2324434414-1954724589-1002
	Account Name:		zxcvm
	Account Domain:		LENOVOIDEAPAD
	Logon ID:		0x110a1374
	Read Operation:		%%8100

This event occurs when a user performs a read operation on stored credentials in Credential Manager."
2026-04-12 23:38:30,Security,5379,8,Lenovoideapad,"Credential Manager credentials were read.

Subject:
	Security ID:		S-1-5-21-642930454-2324434414-1954724589-1002
	Account Name:		zxcvm
	Account Domain:		LENOVOIDEAPAD
	Logon ID:		0x110a1374
	Read Operation:		%%8100

This event occurs when a user performs a read operation on stored credentials in Credential Manager."
2026-04-12 23:38:30,Security,5379,8,Lenovoideapad,"Credential Manager credentials were read.

Subject:
	Security ID:		S-1-5-21-642930454-2324434414-1954724589-1002
	Account Name:		zxcvm
	Account Domain:		LENOVOIDEAPAD
	Logon ID:		0x110a1374
	Read Operation:		%%8100

This event occurs when a user performs a read operation on stored credentials in Credential Manager."
2026-04-12 23:38:30,Security,5379,8,Lenovoideapad,"Credential Manager credentials were read.

Subject:
	Security ID:		S-1-5-21-642930454-2324434414-1954724589-1002
	Account Name:		zxcvm
	Account Domain:		LENOVOIDEAPAD
	Logon ID:		0x110a1374
	Read Operation:		%%8100

This event occurs when a user performs a read operation on stored credentials in Credential Manager."
2026-04-12 23:38:30,Security,5379,8,Lenovoideapad,"Credential Manager credentials were read.

Subject:
	Security ID:		S-1-5-21-642930454-2324434414-1954724589-1002
	Account Name:		zxcvm
	Account Domain:		LENOVOIDEAPAD
	Logon ID:		0x110a1374
	Read Operation:		%%8100

This event occurs when a user performs a read operation on stored credentials in Credential Manager."
2026-04-12 23:38:30,Security,5379,8,Lenovoideapad,"Credential Manager credentials were read.

Subject:
	Security ID:		S-1-5-21-642930454-2324434414-1954724589-1002
	Account Name:		zxcvm
	Account Domain:		LENOVOIDEAPAD
	Logon ID:		0x110a1374
	Read Operation:		%%8100

This event occurs when a user performs a read operation on stored credentials in Credential Manager."
2026-04-12 23:38:30,Security,5379,8,Lenovoideapad,"Credential Manager credentials were read.

Subject:
	Security ID:		S-1-5-21-642930454-2324434414-1954724589-1002
	Account Name:		zxcvm
	Account Domain:		LENOVOIDEAPAD
	Logon ID:		0x110a1374
	Read Operation:		%%8100

This event occurs when a user performs a read operation on stored credentials in Credential Manager."
2026-04-12 23:38:30,Security,5379,8,Lenovoideapad,"Credential Manager credentials were read.

Subject:
	Security ID:		S-1-5-21-642930454-2324434414-1954724589-1002
	Account Name:		zxcvm
	Account Domain:		LENOVOIDEAPAD
	Logon ID:		0x110a1374
	Read Operation:		%%8100

This event occurs when a user performs a read operation on stored credentials in Credential Manager."
2026-04-12 23:38:30,Security,5379,8,Lenovoideapad,"Credential Manager credentials were read.

Subject:
	Security ID:		S-1-5-21-642930454-2324434414-1954724589-1002
	Account Name:		zxcvm
	Account Domain:		LENOVOIDEAPAD
	Logon ID:		0x110a1374
	Read Operation:		%%8100

This event occurs when a user performs a read operation on stored credentials in Credential Manager."
2026-04-12 23:38:30,Security,5379,8,Lenovoideapad,"Credential Manager credentials were read.

Subject:
	Security ID:		S-1-5-21-642930454-2324434414-1954724589-1002
	Account Name:		zxcvm
	Account Domain:		LENOVOIDEAPAD
	Logon ID:		0x110a1374
	Read Operation:		%%8100

This event occurs when a user performs a read operation on stored credentials in Credential Manager."
2026-04-12 23:38:30,Security,5379,8,Lenovoideapad,"Credential Manager credentials were read.

Subject:
	Security ID:		S-1-5-21-642930454-2324434414-1954724589-1002
	Account Name:		zxcvm
	Account Domain:		LENOVOIDEAPAD
	Logon ID:		0x110a1374
	Read Operation:		%%8100

This event occurs when a user performs a read operation on stored credentials in Credential Manager."
2026-04-12 23:38:30,Security,5379,8,Lenovoideapad,"Credential Manager credentials were read.

Subject:
	Security ID:		S-1-5-21-642930454-2324434414-1954724589-1002
	Account Name:		zxcvm
	Account Domain:		LENOVOIDEAPAD
	Logon ID:		0x110a1374
	Read Operation:		%%8100

This event occurs when a user performs a read operation on stored credentials in Credential Manager."
2026-04-12 23:38:30,Security,5379,8,Lenovoideapad,"Credential Manager credentials were read.

Subject:
	Security ID:		S-1-5-21-642930454-2324434414-1954724589-1002
	Account Name:		zxcvm
	Account Domain:		LENOVOIDEAPAD
	Logon ID:		0x110a1374
	Read Operation:		%%8100

This event occurs when a user performs a read operation on stored credentials in Credential Manager."
2026-04-12 23:38:30,Security,5379,8,Lenovoideapad,"Credential Manager credentials were read.

Subject:
	Security ID:		S-1-5-21-642930454-2324434414-1954724589-1002
	Account Name:		zxcvm
	Account Domain:		LENOVOIDEAPAD
	Logon ID:		0x110a1374
	Read Operation:		%%8099

This event occurs when a user performs a read operation on stored credentials in Credential Manager."
2026-04-12 23:38:30,Security,5379,8,Lenovoideapad,"Credential Manager credentials were read.

Subject:
	Security ID:		S-1-5-21-642930454-2324434414-1954724589-1002
	Account Name:		zxcvm
	Account Domain:		LENOVOIDEAPAD
	Logon ID:		0x110a1374
	Read Operation:		%%8100

This event occurs when a user performs a read operation on stored credentials in Credential Manager."
2026-04-12 23:38:30,Security,5379,8,Lenovoideapad,"Credential Manager credentials were read.

Subject:
	Security ID:		S-1-5-21-642930454-2324434414-1954724589-1002
	Account Name:		zxcvm
	Account Domain:		LENOVOIDEAPAD
	Logon ID:		0x110a1374
	Read Operation:		%%8100

This event occurs when a user performs a read operation on stored credentials in Credential Manager."
2026-04-12 23:38:30,Security,5379,8,Lenovoideapad,"Credential Manager credentials were read.

Subject:
	Security ID:		S-1-5-21-642930454-2324434414-1954724589-1002
	Account Name:		zxcvm
	Account Domain:		LENOVOIDEAPAD
	Logon ID:		0x110a1374
	Read Operation:		%%8100

This event occurs when a user performs a read operation on stored credentials in Credential Manager."
2026-04-12 23:38:30,Security,5379,8,Lenovoideapad,"Credential Manager credentials were read.

Subject:
	Security ID:		S-1-5-21-642930454-2324434414-1954724589-1002
	Account Name:		zxcvm
	Account Domain:		LENOVOIDEAPAD
	Logon ID:		0x110a1374
	Read Operation:		%%8100

This event occurs when a user performs a read operation on stored credentials in Credential Manager."
2026-04-12 23:38:30,Security,5379,8,Lenovoideapad,"Credential Manager credentials were read.

Subject:
	Security ID:		S-1-5-21-642930454-2324434414-1954724589-1002
	Account Name:		zxcvm
	Account Domain:		LENOVOIDEAPAD
	Logon ID:		0x110a1374
	Read Operation:		%%8100

This event occurs when a user performs a read operation on stored credentials in Credential Manager."
2026-04-12 23:38:30,Security,5379,8,Lenovoideapad,"Credential Manager credentials were read.

Subject:
	Security ID:		S-1-5-21-642930454-2324434414-1954724589-1002
	Account Name:		zxcvm
	Account Domain:		LENOVOIDEAPAD
	Logon ID:		0x110a1374
	Read Operation:		%%8100

This event occurs when a user performs a read operation on stored credentials in Credential Manager."
2026-04-12 23:38:30,Security,5379,8,Lenovoideapad,"Credential Manager credentials were read.

Subject:
	Security ID:		S-1-5-21-642930454-2324434414-1954724589-1002
	Account Name:		zxcvm
	Account Domain:		LENOVOIDEAPAD
	Logon ID:		0x110a1374
	Read Operation:		%%8100

This event occurs when a user performs a read operation on stored credentials in Credential Manager."
2026-04-12 23:38:30,Security,5379,8,Lenovoideapad,"Credential Manager credentials were read.

Subject:
	Security ID:		S-1-5-21-642930454-2324434414-1954724589-1002
	Account Name:		zxcvm
	Account Domain:		LENOVOIDEAPAD
	Logon ID:		0x110a1374
	Read Operation:		%%8100

This event occurs when a user performs a read operation on stored credentials in Credential Manager."
2026-04-12 23:38:30,Security,5379,8,Lenovoideapad,"Credential Manager credentials were read.

Subject:
	Security ID:		S-1-5-21-642930454-2324434414-1954724589-1002
	Account Name:		zxcvm
	Account Domain:		LENOVOIDEAPAD
	Logon ID:		0x110a1374
	Read Operation:		%%8100

This event occurs when a user performs a read operation on stored credentials in Credential Manager."
2026-04-12 23:38:30,Security,5379,8,Lenovoideapad,"Credential Manager credentials were read.

Subject:
	Security ID:		S-1-5-21-642930454-2324434414-1954724589-1002
	Account Name:		zxcvm
	Account Domain:		LENOVOIDEAPAD
	Logon ID:		0x110a1374
	Read Operation:		%%8100

This event occurs when a user performs a read operation on stored credentials in Credential Manager."
2026-04-12 23:38:30,Security,5379,8,Lenovoideapad,"Credential Manager credentials were read.

Subject:
	Security ID:		S-1-5-21-642930454-2324434414-1954724589-1002
	Account Name:		zxcvm
	Account Domain:		LENOVOIDEAPAD
	Logon ID:		0x110a1374
	Read Operation:		%%8100

This event occurs when a user performs a read operation on stored credentials in Credential Manager."
2026-04-12 23:38:30,Security,5379,8,Lenovoideapad,"Credential Manager credentials were read.

Subject:
	Security ID:		S-1-5-21-642930454-2324434414-1954724589-1002
	Account Name:		zxcvm
	Account Domain:		LENOVOIDEAPAD
	Logon ID:		0x110a1374
	Read Operation:		%%8100

This event occurs when a user performs a read operation on stored credentials in Credential Manager."
2026-04-12 23:38:30,Security,5379,8,Lenovoideapad,"Credential Manager credentials were read.

Subject:
	Security ID:		S-1-5-21-642930454-2324434414-1954724589-1002
	Account Name:		zxcvm
	Account Domain:		LENOVOIDEAPAD
	Logon ID:		0x110a1374
	Read Operation:		%%8100

This event occurs when a user performs a read operation on stored credentials in Credential Manager."
2026-04-12 23:38:30,Security,5379,8,Lenovoideapad,"Credential Manager credentials were read.

Subject:
	Security ID:		S-1-5-21-642930454-2324434414-1954724589-1002
	Account Name:		zxcvm
	Account Domain:		LENOVOIDEAPAD
	Logon ID:		0x110a1374
	Read Operation:		%%8100

This event occurs when a user performs a read operation on stored credentials in Credential Manager."
2026-04-12 23:38:30,Security,5379,8,Lenovoideapad,"Credential Manager credentials were read.

Subject:
	Security ID:		S-1-5-21-642930454-2324434414-1954724589-1002
	Account Name:		zxcvm
	Account Domain:		LENOVOIDEAPAD
	Logon ID:		0x110a1374
	Read Operation:		%%8100

This event occurs when a user performs a read operation on stored credentials in Credential Manager."
2026-04-12 23:38:28,Security,5379,8,Lenovoideapad,"Credential Manager credentials were read.

Subject:
	Security ID:		S-1-5-21-642930454-2324434414-1954724589-1002
	Account Name:		zxcvm
	Account Domain:		LENOVOIDEAPAD
	Logon ID:		0x110a1374
	Read Operation:		%%8100

This event occurs when a user performs a read operation on stored credentials in Credential Manager."
2026-04-12 23:38:28,Security,5379,8,Lenovoideapad,"Credential Manager credentials were read.

Subject:
	Security ID:		S-1-5-21-642930454-2324434414-1954724589-1002
	Account Name:		zxcvm
	Account Domain:		LENOVOIDEAPAD
	Logon ID:		0x110a1374
	Read Operation:		%%8100

This event occurs when a user performs a read operation on stored credentials in Credential Manager."
2026-04-12 23:38:28,Security,5379,8,Lenovoideapad,"Credential Manager credentials were read.

Subject:
	Security ID:		S-1-5-21-642930454-2324434414-1954724589-1002
	Account Name:		zxcvm
	Account Domain:		LENOVOIDEAPAD
	Logon ID:		0x110a1374
	Read Operation:		%%8100

This event occurs when a user performs a read operation on stored credentials in Credential Manager."
2026-04-12 23:38:28,Security,5379,8,Lenovoideapad,"Credential Manager credentials were read.

Subject:
	Security ID:		S-1-5-21-642930454-2324434414-1954724589-1002
	Account Name:		zxcvm
	Account Domain:		LENOVOIDEAPAD
	Logon ID:		0x110a1374
	Read Operation:		%%8100

This event occurs when a user performs a read operation on stored credentials in Credential Manager."
2026-04-12 23:38:28,Security,5379,8,Lenovoideapad,"Credential Manager credentials were read.

Subject:
	Security ID:		S-1-5-21-642930454-2324434414-1954724589-1002
	Account Name:		zxcvm
	Account Domain:		LENOVOIDEAPAD
	Logon ID:		0x110a1374
	Read Operation:		%%8100

This event occurs when a user performs a read operation on stored credentials in Credential Manager."
2026-04-12 23:38:28,Security,5379,8,Lenovoideapad,"Credential Manager credentials were read.

Subject:
	Security ID:		S-1-5-21-642930454-2324434414-1954724589-1002
	Account Name:		zxcvm
	Account Domain:		LENOVOIDEAPAD
	Logon ID:		0x110a1374
	Read Operation:		%%8100

This event occurs when a user performs a read operation on stored credentials in Credential Manager."
2026-04-12 23:38:28,Security,5379,8,Lenovoideapad,"Credential Manager credentials were read.

Subject:
	Security ID:		S-1-5-21-642930454-2324434414-1954724589-1002
	Account Name:		zxcvm
	Account Domain:		LENOVOIDEAPAD
	Logon ID:		0x110a1374
	Read Operation:		%%8100

This event occurs when a user performs a read operation on stored credentials in Credential Manager."
2026-04-12 23:38:28,Security,5379,8,Lenovoideapad,"Credential Manager credentials were read.

Subject:
	Security ID:		S-1-5-21-642930454-2324434414-1954724589-1002
	Account Name:		zxcvm
	Account Domain:		LENOVOIDEAPAD
	Logon ID:		0x110a1374
	Read Operation:		%%8100

This event occurs when a user performs a read operation on stored credentials in Credential Manager."
2026-04-12 23:38:28,Security,5379,8,Lenovoideapad,"Credential Manager credentials were read.

Subject:
	Security ID:		S-1-5-21-642930454-2324434414-1954724589-1002
	Account Name:		zxcvm
	Account Domain:		LENOVOIDEAPAD
	Logon ID:		0x110a1374
	Read Operation:		%%8100

This event occurs when a user performs a read operation on stored credentials in Credential Manager."
2026-04-12 23:38:28,Security,5379,8,Lenovoideapad,"Credential Manager credentials were read.

Subject:
	Security ID:		S-1-5-21-642930454-2324434414-1954724589-1002
	Account Name:		zxcvm
	Account Domain:		LENOVOIDEAPAD
	Logon ID:		0x110a1374
	Read Operation:		%%8100

This event occurs when a user performs a read operation on stored credentials in Credential Manager."
2026-04-12 23:38:28,Security,5379,8,Lenovoideapad,"Credential Manager credentials were read.

Subject:
	Security ID:		S-1-5-21-642930454-2324434414-1954724589-1002
	Account Name:		zxcvm
	Account Domain:		LENOVOIDEAPAD
	Logon ID:		0x110a1374
	Read Operation:		%%8100

This event occurs when a user performs a read operation on stored credentials in Credential Manager."
2026-04-12 23:38:28,Security,5379,8,Lenovoideapad,"Credential Manager credentials were read.

Subject:
	Security ID:		S-1-5-18
	Account Name:		LENOVOIDEAPAD$
	Account Domain:		WORKGROUP
	Logon ID:		0x3e7
	Read Operation:		%%8100

This event occurs when a user performs a read operation on stored credentials in Credential Manager."
2026-04-12 23:38:28,Security,5379,8,Lenovoideapad,"Credential Manager credentials were read.

Subject:
	Security ID:		S-1-5-18
	Account Name:		LENOVOIDEAPAD$
	Account Domain:		WORKGROUP
	Logon ID:		0x3e7
	Read Operation:		%%8100

This event occurs when a user performs a read operation on stored credentials in Credential Manager."
2026-04-12 23:38:28,Security,5379,8,Lenovoideapad,"Credential Manager credentials were read.

Subject:
	Security ID:		S-1-5-18
	Account Name:		LENOVOIDEAPAD$
	Account Domain:		WORKGROUP
	Logon ID:		0x3e7
	Read Operation:		%%8100

This event occurs when a user performs a read operation on stored credentials in Credential Manager."
2026-04-12 23:38:28,Security,5379,8,Lenovoideapad,"Credential Manager credentials were read.

Subject:
	Security ID:		S-1-5-21-642930454-2324434414-1954724589-1002
	Account Name:		zxcvm
	Account Domain:		LENOVOIDEAPAD
	Logon ID:		0x110a1374
	Read Operation:		%%8100

This event occurs when a user performs a read operation on stored credentials in Credential Manager."
2026-04-12 23:38:28,Security,5379,8,Lenovoideapad,"Credential Manager credentials were read.

Subject:
	Security ID:		S-1-5-21-642930454-2324434414-1954724589-1002
	Account Name:		zxcvm
	Account Domain:		LENOVOIDEAPAD
	Logon ID:		0x110a1374
	Read Operation:		%%8100

This event occurs when a user performs a read operation on stored credentials in Credential Manager."
2026-04-12 23:38:28,Security,5379,8,Lenovoideapad,"Credential Manager credentials were read.

Subject:
	Security ID:		S-1-5-21-642930454-2324434414-1954724589-1002
	Account Name:		zxcvm
	Account Domain:		LENOVOIDEAPAD
	Logon ID:		0x110a1374
	Read Operation:		%%8100

This event occurs when a user performs a read operation on stored credentials in Credential Manager."
2026-04-12 23:38:28,Security,4672,8,Lenovoideapad,"Special privileges assigned to new logon.

Subject:
	Security ID:		S-1-5-18
	Account Name:		SYSTEM
	Account Domain:		NT AUTHORITY
	Logon ID:		0x3e7

Privileges:		SeAssignPrimaryTokenPrivilege
			SeTcbPrivilege
			SeSecurityPrivilege
			SeTakeOwnershipPrivilege
			SeLoadDriverPrivilege
			SeBackupPrivilege
			SeRestorePrivilege
			SeDebugPrivilege
			SeAuditPrivilege
			SeSystemEnvironmentPrivilege
			SeImpersonatePrivilege
			SeDelegateSessionUserImpersonatePrivilege"
2026-04-12 23:38:28,Security,4624,8,Lenovoideapad,"An account was successfully logged on.

Subject:
	Security ID:		S-1-5-18
	Account Name:		LENOVOIDEAPAD$
	Account Domain:		WORKGROUP
	Logon ID:		0x3e7

Logon Information:
	Logon Type:		5
	Restricted Admin Mode:	-
	Remote Credential Guard:	-
	Virtual Account:		%%1843
	Elevated Token:		%%1842

Impersonation Level:		%%1833

New Logon:
	Security ID:		S-1-5-18
	Account Name:		SYSTEM
	Account Domain:		NT AUTHORITY
	Logon ID:		0x3e7
	Linked Logon ID:		0x0
	Network Account Name:	-"
2026-04-12 23:38:27,Security,4798,8,Lenovoideapad,"A user's local group membership was enumerated.

Subject:
	Security ID:		S-1-5-21-642930454-2324434414-1954724589-1002
	Account Name:		zxcvm
	Account Domain:		LENOVOIDEAPAD
	Logon ID:		0x110a1329

User:
	Security ID:		S-1-5-21-642930454-2324434414-1954724589-1002
	Account Name:		zxcvm
	Account Domain:		Lenovoideapad

Process Information:
	Process ID:		0x306c
	Process Name:		C:\Program Files\AMD\CIM\Bin64\InstallManagerApp.exe"
2026-04-12 23:38:26,Security,4634,8,Lenovoideapad,"An account was logged off.

Subject:
	Security ID:		S-1-5-21-642930454-2324434414-1954724589-1002
	Account Name:		zxcvm
	Account Domain:		LENOVOIDEAPAD
	Logon ID:		0x13ba650e

Logon Type:			2

This event is generated when a logon session is destroyed. It may be positively correlated with a logon event using the Logon ID value. Logon IDs are only unique between reboots on the same computer."
2026-04-12 23:38:26,Security,4634,8,Lenovoideapad,"An account was logged off.

Subject:
	Security ID:		S-1-5-21-642930454-2324434414-1954724589-1002
	Account Name:		zxcvm
	Account Domain:		LENOVOIDEAPAD
	Logon ID:		0x13ba6dea

Logon Type:			7

This event is generated when a logon session is destroyed. It may be positively correlated with a logon event using the Logon ID value. Logon IDs are only unique between reboots on the same computer."
2026-04-12 23:38:26,Security,4634,8,Lenovoideapad,"An account was logged off.

Subject:
	Security ID:		S-1-5-21-642930454-2324434414-1954724589-1002
	Account Name:		zxcvm
	Account Domain:		LENOVOIDEAPAD
	Logon ID:		0x13ba658e

Logon Type:			2

This event is generated when a logon session is destroyed. It may be positively correlated with a logon event using the Logon ID value. Logon IDs are only unique between reboots on the same computer."
2026-04-12 23:38:26,Security,4634,8,Lenovoideapad,"An account was logged off.

Subject:
	Security ID:		S-1-5-21-642930454-2324434414-1954724589-1002
	Account Name:		zxcvm
	Account Domain:		LENOVOIDEAPAD
	Logon ID:		0x13ba6ff5

Logon Type:			7

This event is generated when a logon session is destroyed. It may be positively correlated with a logon event using the Logon ID value. Logon IDs are only unique between reboots on the same computer."
2026-04-12 23:38:26,Security,4672,8,Lenovoideapad,"Special privileges assigned to new logon.

Subject:
	Security ID:		S-1-5-21-642930454-2324434414-1954724589-1002
	Account Name:		zxcvmanish@gmail.com
	Account Domain:		MicrosoftAccount
	Logon ID:		0x13ba6dea

Privileges:		SeSecurityPrivilege
			SeTakeOwnershipPrivilege
			SeLoadDriverPrivilege
			SeBackupPrivilege
			SeRestorePrivilege
			SeDebugPrivilege
			SeSystemEnvironmentPrivilege
			SeImpersonatePrivilege
			SeDelegateSessionUserImpersonatePrivilege"
2026-04-12 23:38:26,Security,4624,8,Lenovoideapad,"An account was successfully logged on.

Subject:
	Security ID:		S-1-5-18
	Account Name:		LENOVOIDEAPAD$
	Account Domain:		WORKGROUP
	Logon ID:		0x3e7

Logon Information:
	Logon Type:		7
	Restricted Admin Mode:	-
	Remote Credential Guard:	-
	Virtual Account:		%%1843
	Elevated Token:		%%1843

Impersonation Level:		%%1833

New Logon:
	Security ID:		S-1-5-21-642930454-2324434414-1954724589-1002
	Account Name:		zxcvmanish@gmail.com
	Account Domain:		MicrosoftAccount
	Logon ID:		0"
2026-04-12 23:38:26,Security,4624,8,Lenovoideapad,"An account was successfully logged on.

Subject:
	Security ID:		S-1-5-18
	Account Name:		LENOVOIDEAPAD$
	Account Domain:		WORKGROUP
	Logon ID:		0x3e7

Logon Information:
	Logon Type:		7
	Restricted Admin Mode:	-
	Remote Credential Guard:	-
	Virtual Account:		%%1843
	Elevated Token:		%%1842

Impersonation Level:		%%1833

New Logon:
	Security ID:		S-1-5-21-642930454-2324434414-1954724589-1002
	Account Name:		zxcvmanish@gmail.com
	Account Domain:		MicrosoftAccount
	Logon ID:		0"
2026-04-12 23:38:26,Security,4648,8,Lenovoideapad,"A logon was attempted using explicit credentials.

Subject:
	Security ID:		S-1-5-18
	Account Name:		LENOVOIDEAPAD$
	Account Domain:		WORKGROUP
	Logon ID:		0x3e7
	Logon GUID:		{00000000-0000-0000-0000-000000000000}

Account Whose Credentials Were Used:
	Account Name:		zxcvmanish@gmail.com
	Account Domain:		MicrosoftAccount
	Logon GUID:		{00000000-0000-0000-0000-000000000000}

Target Server:
	Target Server Name:	localhost
	Additional Information:	localhost

Process Information:
"
2026-04-12 23:38:26,Security,4738,8,Lenovoideapad,"A user account was changed.

Subject:
	Security ID:		S-1-5-18
	Account Name:		LENOVOIDEAPAD$
	Account Domain:		WORKGROUP
	Logon ID:		0x3e7

Target Account:
	Security ID:		S-1-5-21-642930454-2324434414-1954724589-1002
	Account Name:		zxcvm
	Account Domain:		Lenovoideapad

Changed Attributes:
	SAM Account Name:	-
	Display Name:		%%1793
	User Principal Name:	-
	Home Directory:		-
	Home Drive:		-
	Script Path:		-
	Profile Path:		-
	User Workstations:	-
	Password Last Set:	-
	A"
2026-04-12 23:38:26,Security,5059,8,Lenovoideapad,"Key migration operation.

Subject:
	Security ID:		S-1-5-19
	Account Name:		LOCAL SERVICE
	Account Domain:		NT AUTHORITY
	Logon ID:		0x3e5

Process Information:
	Process ID:		5904
	Process Creation Time:	2026-04-06T16:11:52.9743850Z

Cryptographic Parameters:
	Provider Name:	Microsoft Software Key Storage Provider
	Algorithm Name:	RSA
	Key Name:	{57515238-201F-4ED3-AF6D-3FE82A25D591}
	Key Type:	%%2500

Additional Information:
	Operation:	%%2464
	Return Code:	0x0"
2026-04-12 23:38:26,Security,5059,8,Lenovoideapad,"Key migration operation.

Subject:
	Security ID:		S-1-5-19
	Account Name:		LOCAL SERVICE
	Account Domain:		NT AUTHORITY
	Logon ID:		0x3e5

Process Information:
	Process ID:		5904
	Process Creation Time:	2026-04-06T16:11:52.9743850Z

Cryptographic Parameters:
	Provider Name:	Microsoft Software Key Storage Provider
	Algorithm Name:	RSA
	Key Name:	{57515238-201F-4ED3-AF6D-3FE82A25D591}
	Key Type:	%%2500

Additional Information:
	Operation:	%%2464
	Return Code:	0x0"
2026-04-12 23:38:26,Security,4672,8,Lenovoideapad,"Special privileges assigned to new logon.

Subject:
	Security ID:		S-1-5-21-642930454-2324434414-1954724589-1002
	Account Name:		zxcvmanish@gmail.com
	Account Domain:		MicrosoftAccount
	Logon ID:		0x13ba650e

Privileges:		SeSecurityPrivilege
			SeTakeOwnershipPrivilege
			SeLoadDriverPrivilege
			SeBackupPrivilege
			SeRestorePrivilege
			SeDebugPrivilege
			SeSystemEnvironmentPrivilege
			SeImpersonatePrivilege
			SeDelegateSessionUserImpersonatePrivilege"
2026-04-12 23:38:26,Security,4624,8,Lenovoideapad,"An account was successfully logged on.

Subject:
	Security ID:		S-1-5-18
	Account Name:		LENOVOIDEAPAD$
	Account Domain:		WORKGROUP
	Logon ID:		0x3e7

Logon Information:
	Logon Type:		11
	Restricted Admin Mode:	-
	Remote Credential Guard:	-
	Virtual Account:		%%1843
	Elevated Token:		%%1843

Impersonation Level:		%%1833

New Logon:
	Security ID:		S-1-5-21-642930454-2324434414-1954724589-1002
	Account Name:		zxcvmanish@gmail.com
	Account Domain:		MicrosoftAccount
	Logon ID:		"
2026-04-12 23:38:26,Security,4624,8,Lenovoideapad,"An account was successfully logged on.

Subject:
	Security ID:		S-1-5-18
	Account Name:		LENOVOIDEAPAD$
	Account Domain:		WORKGROUP
	Logon ID:		0x3e7

Logon Information:
	Logon Type:		11
	Restricted Admin Mode:	-
	Remote Credential Guard:	-
	Virtual Account:		%%1843
	Elevated Token:		%%1842

Impersonation Level:		%%1833

New Logon:
	Security ID:		S-1-5-21-642930454-2324434414-1954724589-1002
	Account Name:		zxcvmanish@gmail.com
	Account Domain:		MicrosoftAccount
	Logon ID:		"
2026-04-12 23:38:26,Security,4648,8,Lenovoideapad,"A logon was attempted using explicit credentials.

Subject:
	Security ID:		S-1-5-18
	Account Name:		LENOVOIDEAPAD$
	Account Domain:		WORKGROUP
	Logon ID:		0x3e7
	Logon GUID:		{00000000-0000-0000-0000-000000000000}

Account Whose Credentials Were Used:
	Account Name:		zxcvmanish@gmail.com
	Account Domain:		MicrosoftAccount
	Logon GUID:		{00000000-0000-0000-0000-000000000000}

Target Server:
	Target Server Name:	localhost
	Additional Information:	localhost

Process Information:
"
2026-04-12 23:38:26,Security,4738,8,Lenovoideapad,"A user account was changed.

Subject:
	Security ID:		S-1-5-18
	Account Name:		LENOVOIDEAPAD$
	Account Domain:		WORKGROUP
	Logon ID:		0x3e7

Target Account:
	Security ID:		S-1-5-21-642930454-2324434414-1954724589-1002
	Account Name:		zxcvm
	Account Domain:		Lenovoideapad

Changed Attributes:
	SAM Account Name:	-
	Display Name:		%%1793
	User Principal Name:	-
	Home Directory:		-
	Home Drive:		-
	Script Path:		-
	Profile Path:		-
	User Workstations:	-
	Password Last Set:	-
	A"
2026-04-12 23:38:26,Security,5059,8,Lenovoideapad,"Key migration operation.

Subject:
	Security ID:		S-1-5-19
	Account Name:		LOCAL SERVICE
	Account Domain:		NT AUTHORITY
	Logon ID:		0x3e5

Process Information:
	Process ID:		5904
	Process Creation Time:	2026-04-06T16:11:52.9743850Z

Cryptographic Parameters:
	Provider Name:	Microsoft Software Key Storage Provider
	Algorithm Name:	RSA
	Key Name:	{57515238-201F-4ED3-AF6D-3FE82A25D591}
	Key Type:	%%2500

Additional Information:
	Operation:	%%2464
	Return Code:	0x0"
2026-04-12 23:38:26,Security,5059,8,Lenovoideapad,"Key migration operation.

Subject:
	Security ID:		S-1-5-19
	Account Name:		LOCAL SERVICE
	Account Domain:		NT AUTHORITY
	Logon ID:		0x3e5

Process Information:
	Process ID:		5904
	Process Creation Time:	2026-04-06T16:11:52.9743850Z

Cryptographic Parameters:
	Provider Name:	Microsoft Software Key Storage Provider
	Algorithm Name:	RSA
	Key Name:	{57515238-201F-4ED3-AF6D-3FE82A25D591}
	Key Type:	%%2500

Additional Information:
	Operation:	%%2464
	Return Code:	0x0"
2026-04-12 23:15:50,Security,4672,8,Lenovoideapad,"Special privileges assigned to new logon.

Subject:
	Security ID:		S-1-5-18
	Account Name:		SYSTEM
	Account Domain:		NT AUTHORITY
	Logon ID:		0x3e7

Privileges:		SeAssignPrimaryTokenPrivilege
			SeTcbPrivilege
			SeSecurityPrivilege
			SeTakeOwnershipPrivilege
			SeLoadDriverPrivilege
			SeBackupPrivilege
			SeRestorePrivilege
			SeDebugPrivilege
			SeAuditPrivilege
			SeSystemEnvironmentPrivilege
			SeImpersonatePrivilege
			SeDelegateSessionUserImpersonatePrivilege"
2026-04-12 23:15:50,Security,4624,8,Lenovoideapad,"An account was successfully logged on.

Subject:
	Security ID:		S-1-5-18
	Account Name:		LENOVOIDEAPAD$
	Account Domain:		WORKGROUP
	Logon ID:		0x3e7

Logon Information:
	Logon Type:		5
	Restricted Admin Mode:	-
	Remote Credential Guard:	-
	Virtual Account:		%%1843
	Elevated Token:		%%1842

Impersonation Level:		%%1833

New Logon:
	Security ID:		S-1-5-18
	Account Name:		SYSTEM
	Account Domain:		NT AUTHORITY
	Logon ID:		0x3e7
	Linked Logon ID:		0x0
	Network Account Name:	-"
2026-04-12 23:15:48,Security,4672,8,Lenovoideapad,"Special privileges assigned to new logon.

Subject:
	Security ID:		S-1-5-18
	Account Name:		SYSTEM
	Account Domain:		NT AUTHORITY
	Logon ID:		0x3e7

Privileges:		SeAssignPrimaryTokenPrivilege
			SeTcbPrivilege
			SeSecurityPrivilege
			SeTakeOwnershipPrivilege
			SeLoadDriverPrivilege
			SeBackupPrivilege
			SeRestorePrivilege
			SeDebugPrivilege
			SeAuditPrivilege
			SeSystemEnvironmentPrivilege
			SeImpersonatePrivilege
			SeDelegateSessionUserImpersonatePrivilege"
2026-04-12 23:15:48,Security,4624,8,Lenovoideapad,"An account was successfully logged on.

Subject:
	Security ID:		S-1-5-18
	Account Name:		LENOVOIDEAPAD$
	Account Domain:		WORKGROUP
	Logon ID:		0x3e7

Logon Information:
	Logon Type:		5
	Restricted Admin Mode:	-
	Remote Credential Guard:	-
	Virtual Account:		%%1843
	Elevated Token:		%%1842

Impersonation Level:		%%1833

New Logon:
	Security ID:		S-1-5-18
	Account Name:		SYSTEM
	Account Domain:		NT AUTHORITY
	Logon ID:		0x3e7
	Linked Logon ID:		0x0
	Network Account Name:	-"
2026-04-12 23:15:47,Security,4798,8,Lenovoideapad,"A user's local group membership was enumerated.

Subject:
	Security ID:		S-1-5-18
	Account Name:		LENOVOIDEAPAD$
	Account Domain:		WORKGROUP
	Logon ID:		0x3e7

User:
	Security ID:		S-1-5-21-642930454-2324434414-1954724589-1002
	Account Name:		zxcvm
	Account Domain:		Lenovoideapad

Process Information:
	Process ID:		0x285c
	Process Name:		C:\Windows\System32\LogonUI.exe"
2026-04-12 23:15:47,Security,4798,8,Lenovoideapad,"A user's local group membership was enumerated.

Subject:
	Security ID:		S-1-5-18
	Account Name:		LENOVOIDEAPAD$
	Account Domain:		WORKGROUP
	Logon ID:		0x3e7

User:
	Security ID:		S-1-5-21-642930454-2324434414-1954724589-1001
	Account Name:		cheta
	Account Domain:		Lenovoideapad

Process Information:
	Process ID:		0x285c
	Process Name:		C:\Windows\System32\LogonUI.exe"
2026-04-12 23:15:45,Security,4672,8,Lenovoideapad,"Special privileges assigned to new logon.

Subject:
	Security ID:		S-1-5-18
	Account Name:		SYSTEM
	Account Domain:		NT AUTHORITY
	Logon ID:		0x3e7

Privileges:		SeAssignPrimaryTokenPrivilege
			SeTcbPrivilege
			SeSecurityPrivilege
			SeTakeOwnershipPrivilege
			SeLoadDriverPrivilege
			SeBackupPrivilege
			SeRestorePrivilege
			SeDebugPrivilege
			SeAuditPrivilege
			SeSystemEnvironmentPrivilege
			SeImpersonatePrivilege
			SeDelegateSessionUserImpersonatePrivilege"
2026-04-12 23:15:45,Security,4624,8,Lenovoideapad,"An account was successfully logged on.

Subject:
	Security ID:		S-1-5-18
	Account Name:		LENOVOIDEAPAD$
	Account Domain:		WORKGROUP
	Logon ID:		0x3e7

Logon Information:
	Logon Type:		5
	Restricted Admin Mode:	-
	Remote Credential Guard:	-
	Virtual Account:		%%1843
	Elevated Token:		%%1842

Impersonation Level:		%%1833

New Logon:
	Security ID:		S-1-5-18
	Account Name:		SYSTEM
	Account Domain:		NT AUTHORITY
	Logon ID:		0x3e7
	Linked Logon ID:		0x0
	Network Account Name:	-"
2026-04-12 23:13:38,Security,4672,8,Lenovoideapad,"Special privileges assigned to new logon.

Subject:
	Security ID:		S-1-5-18
	Account Name:		SYSTEM
	Account Domain:		NT AUTHORITY
	Logon ID:		0x3e7

Privileges:		SeAssignPrimaryTokenPrivilege
			SeTcbPrivilege
			SeSecurityPrivilege
			SeTakeOwnershipPrivilege
			SeLoadDriverPrivilege
			SeBackupPrivilege
			SeRestorePrivilege
			SeDebugPrivilege
			SeAuditPrivilege
			SeSystemEnvironmentPrivilege
			SeImpersonatePrivilege
			SeDelegateSessionUserImpersonatePrivilege"
2026-04-12 23:13:38,Security,4624,8,Lenovoideapad,"An account was successfully logged on.

Subject:
	Security ID:		S-1-5-18
	Account Name:		LENOVOIDEAPAD$
	Account Domain:		WORKGROUP
	Logon ID:		0x3e7

Logon Information:
	Logon Type:		5
	Restricted Admin Mode:	-
	Remote Credential Guard:	-
	Virtual Account:		%%1843
	Elevated Token:		%%1842

Impersonation Level:		%%1833

New Logon:
	Security ID:		S-1-5-18
	Account Name:		SYSTEM
	Account Domain:		NT AUTHORITY
	Logon ID:		0x3e7
	Linked Logon ID:		0x0
	Network Account Name:	-"
2026-04-12 23:04:28,Security,4672,8,Lenovoideapad,"Special privileges assigned to new logon.

Subject:
	Security ID:		S-1-5-18
	Account Name:		SYSTEM
	Account Domain:		NT AUTHORITY
	Logon ID:		0x3e7

Privileges:		SeAssignPrimaryTokenPrivilege
			SeTcbPrivilege
			SeSecurityPrivilege
			SeTakeOwnershipPrivilege
			SeLoadDriverPrivilege
			SeBackupPrivilege
			SeRestorePrivilege
			SeDebugPrivilege
			SeAuditPrivilege
			SeSystemEnvironmentPrivilege
			SeImpersonatePrivilege
			SeDelegateSessionUserImpersonatePrivilege"
2026-04-12 23:04:28,Security,4624,8,Lenovoideapad,"An account was successfully logged on.

Subject:
	Security ID:		S-1-5-18
	Account Name:		LENOVOIDEAPAD$
	Account Domain:		WORKGROUP
	Logon ID:		0x3e7

Logon Information:
	Logon Type:		5
	Restricted Admin Mode:	-
	Remote Credential Guard:	-
	Virtual Account:		%%1843
	Elevated Token:		%%1842

Impersonation Level:		%%1833

New Logon:
	Security ID:		S-1-5-18
	Account Name:		SYSTEM
	Account Domain:		NT AUTHORITY
	Logon ID:		0x3e7
	Linked Logon ID:		0x0
	Network Account Name:	-"
2026-04-12 23:00:30,Security,4672,8,Lenovoideapad,"Special privileges assigned to new logon.

Subject:
	Security ID:		S-1-5-18
	Account Name:		SYSTEM
	Account Domain:		NT AUTHORITY
	Logon ID:		0x3e7

Privileges:		SeAssignPrimaryTokenPrivilege
			SeTcbPrivilege
			SeSecurityPrivilege
			SeTakeOwnershipPrivilege
			SeLoadDriverPrivilege
			SeBackupPrivilege
			SeRestorePrivilege
			SeDebugPrivilege
			SeAuditPrivilege
			SeSystemEnvironmentPrivilege
			SeImpersonatePrivilege
			SeDelegateSessionUserImpersonatePrivilege"
2026-04-12 23:00:30,Security,4624,8,Lenovoideapad,"An account was successfully logged on.

Subject:
	Security ID:		S-1-5-18
	Account Name:		LENOVOIDEAPAD$
	Account Domain:		WORKGROUP
	Logon ID:		0x3e7

Logon Information:
	Logon Type:		5
	Restricted Admin Mode:	-
	Remote Credential Guard:	-
	Virtual Account:		%%1843
	Elevated Token:		%%1842

Impersonation Level:		%%1833

New Logon:
	Security ID:		S-1-5-18
	Account Name:		SYSTEM
	Account Domain:		NT AUTHORITY
	Logon ID:		0x3e7
	Linked Logon ID:		0x0
	Network Account Name:	-"
2026-04-12 22:58:33,Security,4672,8,Lenovoideapad,"Special privileges assigned to new logon.

Subject:
	Security ID:		S-1-5-18
	Account Name:		SYSTEM
	Account Domain:		NT AUTHORITY
	Logon ID:		0x3e7

Privileges:		SeAssignPrimaryTokenPrivilege
			SeTcbPrivilege
			SeSecurityPrivilege
			SeTakeOwnershipPrivilege
			SeLoadDriverPrivilege
			SeBackupPrivilege
			SeRestorePrivilege
			SeDebugPrivilege
			SeAuditPrivilege
			SeSystemEnvironmentPrivilege
			SeImpersonatePrivilege
			SeDelegateSessionUserImpersonatePrivilege"
2026-04-12 22:58:33,Security,4624,8,Lenovoideapad,"An account was successfully logged on.

Subject:
	Security ID:		S-1-5-18
	Account Name:		LENOVOIDEAPAD$
	Account Domain:		WORKGROUP
	Logon ID:		0x3e7

Logon Information:
	Logon Type:		5
	Restricted Admin Mode:	-
	Remote Credential Guard:	-
	Virtual Account:		%%1843
	Elevated Token:		%%1842

Impersonation Level:		%%1833

New Logon:
	Security ID:		S-1-5-18
	Account Name:		SYSTEM
	Account Domain:		NT AUTHORITY
	Logon ID:		0x3e7
	Linked Logon ID:		0x0
	Network Account Name:	-"
2026-04-12 22:55:45,Security,4672,8,Lenovoideapad,"Special privileges assigned to new logon.

Subject:
	Security ID:		S-1-5-18
	Account Name:		SYSTEM
	Account Domain:		NT AUTHORITY
	Logon ID:		0x3e7

Privileges:		SeAssignPrimaryTokenPrivilege
			SeTcbPrivilege
			SeSecurityPrivilege
			SeTakeOwnershipPrivilege
			SeLoadDriverPrivilege
			SeBackupPrivilege
			SeRestorePrivilege
			SeDebugPrivilege
			SeAuditPrivilege
			SeSystemEnvironmentPrivilege
			SeImpersonatePrivilege
			SeDelegateSessionUserImpersonatePrivilege"
2026-04-12 22:55:45,Security,4624,8,Lenovoideapad,"An account was successfully logged on.

Subject:
	Security ID:		S-1-5-18
	Account Name:		LENOVOIDEAPAD$
	Account Domain:		WORKGROUP
	Logon ID:		0x3e7

Logon Information:
	Logon Type:		5
	Restricted Admin Mode:	-
	Remote Credential Guard:	-
	Virtual Account:		%%1843
	Elevated Token:		%%1842

Impersonation Level:		%%1833

New Logon:
	Security ID:		S-1-5-18
	Account Name:		SYSTEM
	Account Domain:		NT AUTHORITY
	Logon ID:		0x3e7
	Linked Logon ID:		0x0
	Network Account Name:	-"
2026-04-12 22:55:40,Security,4798,8,Lenovoideapad,"A user's local group membership was enumerated.

Subject:
	Security ID:		S-1-5-18
	Account Name:		LENOVOIDEAPAD$
	Account Domain:		WORKGROUP
	Logon ID:		0x3e7

User:
	Security ID:		S-1-5-21-642930454-2324434414-1954724589-1002
	Account Name:		zxcvm
	Account Domain:		Lenovoideapad

Process Information:
	Process ID:		0x1b30
	Process Name:		C:\Windows\System32\svchost.exe"
2026-04-12 22:55:40,Security,4798,8,Lenovoideapad,"A user's local group membership was enumerated.

Subject:
	Security ID:		S-1-5-18
	Account Name:		LENOVOIDEAPAD$
	Account Domain:		WORKGROUP
	Logon ID:		0x3e7

User:
	Security ID:		S-1-5-21-642930454-2324434414-1954724589-504
	Account Name:		WDAGUtilityAccount
	Account Domain:		Lenovoideapad

Process Information:
	Process ID:		0x1b30
	Process Name:		C:\Windows\System32\svchost.exe"
2026-04-12 22:55:40,Security,4798,8,Lenovoideapad,"A user's local group membership was enumerated.

Subject:
	Security ID:		S-1-5-18
	Account Name:		LENOVOIDEAPAD$
	Account Domain:		WORKGROUP
	Logon ID:		0x3e7

User:
	Security ID:		S-1-5-21-642930454-2324434414-1954724589-501
	Account Name:		Guest
	Account Domain:		Lenovoideapad

Process Information:
	Process ID:		0x1b30
	Process Name:		C:\Windows\System32\svchost.exe"
2026-04-12 22:55:40,Security,4798,8,Lenovoideapad,"A user's local group membership was enumerated.

Subject:
	Security ID:		S-1-5-18
	Account Name:		LENOVOIDEAPAD$
	Account Domain:		WORKGROUP
	Logon ID:		0x3e7

User:
	Security ID:		S-1-5-21-642930454-2324434414-1954724589-503
	Account Name:		DefaultAccount
	Account Domain:		Lenovoideapad

Process Information:
	Process ID:		0x1b30
	Process Name:		C:\Windows\System32\svchost.exe"
2026-04-12 22:55:40,Security,4798,8,Lenovoideapad,"A user's local group membership was enumerated.

Subject:
	Security ID:		S-1-5-18
	Account Name:		LENOVOIDEAPAD$
	Account Domain:		WORKGROUP
	Logon ID:		0x3e7

User:
	Security ID:		S-1-5-21-642930454-2324434414-1954724589-1001
	Account Name:		cheta
	Account Domain:		Lenovoideapad

Process Information:
	Process ID:		0x1b30
	Process Name:		C:\Windows\System32\svchost.exe"
2026-04-12 22:55:40,Security,4798,8,Lenovoideapad,"A user's local group membership was enumerated.

Subject:
	Security ID:		S-1-5-18
	Account Name:		LENOVOIDEAPAD$
	Account Domain:		WORKGROUP
	Logon ID:		0x3e7

User:
	Security ID:		S-1-5-21-642930454-2324434414-1954724589-500
	Account Name:		Administrator
	Account Domain:		Lenovoideapad

Process Information:
	Process ID:		0x1b30
	Process Name:		C:\Windows\System32\svchost.exe"
2026-04-12 22:55:40,Security,4798,8,Lenovoideapad,"A user's local group membership was enumerated.

Subject:
	Security ID:		S-1-5-18
	Account Name:		LENOVOIDEAPAD$
	Account Domain:		WORKGROUP
	Logon ID:		0x3e7

User:
	Security ID:		S-1-5-21-642930454-2324434414-1954724589-1001
	Account Name:		cheta
	Account Domain:		Lenovoideapad

Process Information:
	Process ID:		0x1b30
	Process Name:		C:\Windows\System32\svchost.exe"
2026-04-12 22:55:40,Security,4798,8,Lenovoideapad,"A user's local group membership was enumerated.

Subject:
	Security ID:		S-1-5-18
	Account Name:		LENOVOIDEAPAD$
	Account Domain:		WORKGROUP
	Logon ID:		0x3e7

User:
	Security ID:		S-1-5-21-642930454-2324434414-1954724589-500
	Account Name:		Administrator
	Account Domain:		Lenovoideapad

Process Information:
	Process ID:		0x1b30
	Process Name:		C:\Windows\System32\svchost.exe"
2026-04-12 22:55:40,Security,4798,8,Lenovoideapad,"A user's local group membership was enumerated.

Subject:
	Security ID:		S-1-5-18
	Account Name:		LENOVOIDEAPAD$
	Account Domain:		WORKGROUP
	Logon ID:		0x3e7

User:
	Security ID:		S-1-5-21-642930454-2324434414-1954724589-1002
	Account Name:		zxcvm
	Account Domain:		Lenovoideapad

Process Information:
	Process ID:		0x1b30
	Process Name:		C:\Windows\System32\svchost.exe"
2026-04-12 22:55:40,Security,4798,8,Lenovoideapad,"A user's local group membership was enumerated.

Subject:
	Security ID:		S-1-5-18
	Account Name:		LENOVOIDEAPAD$
	Account Domain:		WORKGROUP
	Logon ID:		0x3e7

User:
	Security ID:		S-1-5-21-642930454-2324434414-1954724589-504
	Account Name:		WDAGUtilityAccount
	Account Domain:		Lenovoideapad

Process Information:
	Process ID:		0x1b30
	Process Name:		C:\Windows\System32\svchost.exe"
2026-04-12 22:55:40,Security,4798,8,Lenovoideapad,"A user's local group membership was enumerated.

Subject:
	Security ID:		S-1-5-18
	Account Name:		LENOVOIDEAPAD$
	Account Domain:		WORKGROUP
	Logon ID:		0x3e7

User:
	Security ID:		S-1-5-21-642930454-2324434414-1954724589-501
	Account Name:		Guest
	Account Domain:		Lenovoideapad

Process Information:
	Process ID:		0x1b30
	Process Name:		C:\Windows\System32\svchost.exe"
2026-04-12 22:55:40,Security,4798,8,Lenovoideapad,"A user's local group membership was enumerated.

Subject:
	Security ID:		S-1-5-18
	Account Name:		LENOVOIDEAPAD$
	Account Domain:		WORKGROUP
	Logon ID:		0x3e7

User:
	Security ID:		S-1-5-21-642930454-2324434414-1954724589-503
	Account Name:		DefaultAccount
	Account Domain:		Lenovoideapad

Process Information:
	Process ID:		0x1b30
	Process Name:		C:\Windows\System32\svchost.exe"
2026-04-12 22:55:40,Security,4798,8,Lenovoideapad,"A user's local group membership was enumerated.

Subject:
	Security ID:		S-1-5-18
	Account Name:		LENOVOIDEAPAD$
	Account Domain:		WORKGROUP
	Logon ID:		0x3e7

User:
	Security ID:		S-1-5-21-642930454-2324434414-1954724589-1001
	Account Name:		cheta
	Account Domain:		Lenovoideapad

Process Information:
	Process ID:		0x1b30
	Process Name:		C:\Windows\System32\svchost.exe"
2026-04-12 22:55:40,Security,4798,8,Lenovoideapad,"A user's local group membership was enumerated.

Subject:
	Security ID:		S-1-5-18
	Account Name:		LENOVOIDEAPAD$
	Account Domain:		WORKGROUP
	Logon ID:		0x3e7

User:
	Security ID:		S-1-5-21-642930454-2324434414-1954724589-500
	Account Name:		Administrator
	Account Domain:		Lenovoideapad

Process Information:
	Process ID:		0x1b30
	Process Name:		C:\Windows\System32\svchost.exe"
2026-04-12 22:55:40,Security,4798,8,Lenovoideapad,"A user's local group membership was enumerated.

Subject:
	Security ID:		S-1-5-18
	Account Name:		LENOVOIDEAPAD$
	Account Domain:		WORKGROUP
	Logon ID:		0x3e7

User:
	Security ID:		S-1-5-21-642930454-2324434414-1954724589-1001
	Account Name:		cheta
	Account Domain:		Lenovoideapad

Process Information:
	Process ID:		0x1b30
	Process Name:		C:\Windows\System32\svchost.exe"
2026-04-12 22:55:40,Security,4798,8,Lenovoideapad,"A user's local group membership was enumerated.

Subject:
	Security ID:		S-1-5-18
	Account Name:		LENOVOIDEAPAD$
	Account Domain:		WORKGROUP
	Logon ID:		0x3e7

User:
	Security ID:		S-1-5-21-642930454-2324434414-1954724589-500
	Account Name:		Administrator
	Account Domain:		Lenovoideapad

Process Information:
	Process ID:		0x1b30
	Process Name:		C:\Windows\System32\svchost.exe"
2026-04-12 22:55:40,Security,4798,8,Lenovoideapad,"A user's local group membership was enumerated.

Subject:
	Security ID:		S-1-5-18
	Account Name:		LENOVOIDEAPAD$
	Account Domain:		WORKGROUP
	Logon ID:		0x3e7

User:
	Security ID:		S-1-5-21-642930454-2324434414-1954724589-1002
	Account Name:		zxcvm
	Account Domain:		Lenovoideapad

Process Information:
	Process ID:		0x1b30
	Process Name:		C:\Windows\System32\svchost.exe"
